{
  "stats": {
    "suites": 1,
    "tests": 1,
    "passes": 0,
    "pending": 0,
    "failures": 1,
    "start": "2023-07-15T16:59:04.341Z",
    "end": "2023-07-15T17:00:18.634Z",
    "duration": 74293,
    "testsRegistered": 1,
    "passPercent": 0,
    "pendingPercent": 0,
    "other": 0,
    "hasOther": false,
    "skipped": 0,
    "hasSkipped": false
  },
  "results": [
    {
      "uuid": "95e021bc-fd06-4d86-afb0-fb97522baff4",
      "title": "",
      "fullFile": "cypress/e2e/tests/VerifySearchNonExistingItem.cy.js",
      "file": "cypress/e2e/tests/VerifySearchNonExistingItem.cy.js",
      "beforeHooks": [],
      "afterHooks": [],
      "tests": [],
      "suites": [
        {
          "uuid": "c7623e65-4c9e-4973-bcaf-05edd837bd96",
          "title": "Search",
          "fullFile": "",
          "file": "",
          "beforeHooks": [],
          "afterHooks": [],
          "tests": [
            {
              "title": "Search non-existing item",
              "fullTitle": "Search Search non-existing item",
              "timedOut": null,
              "duration": 71288,
              "state": "failed",
              "speed": null,
              "pass": false,
              "fail": true,
              "pending": false,
              "context": "[\n  {\n    \"title\": \"cypress-mochawesome-reporter-videos-failed\",\n    \"value\": \"cypress/e2e/tests/VerifySearchNonExistingItem.cy.js\"\n  },\n  {\n    \"title\": \"cypress-mochawesome-reporter-screenshots\",\n    \"value\": [\n      [\n        \"/VerifySearchNonExistingItem.cy.js/Search -- Search non-existing item (failed).png\"\n      ]\n    ]\n  }\n]",
              "code": "_basePage.basePage.goToMainPage();\n_basePage.basePage.searchItem(name);\n_basePage.basePage.clickSearchButton();\n_basePage.basePage.verifyItemsAfterSearch(name);",
              "err": {
                "message": "AssertionError: Timed out retrying after 60000ms: Expected to find element: `.goods-tile__title`, but never found it.",
                "estack": "AssertionError: Timed out retrying after 60000ms: Expected to find element: `.goods-tile__title`, but never found it.\n    at BasePage.verifyItemsAfterSearch (webpack:///./cypress/support/pageObjects/basePage.js:16:11)\n    at Context.eval (webpack:///./cypress/e2e/tests/VerifySearchNonExistingItem.cy.js:14:17)",
                "diff": null
              },
              "uuid": "73514bb7-5200-44bb-9eb2-49187e5d1d31",
              "parentUUID": "c7623e65-4c9e-4973-bcaf-05edd837bd96",
              "isHook": false,
              "skipped": false
            }
          ],
          "suites": [],
          "passes": [],
          "failures": [
            "73514bb7-5200-44bb-9eb2-49187e5d1d31"
          ],
          "pending": [],
          "skipped": [],
          "duration": 71288,
          "root": false,
          "rootEmpty": false,
          "_timeout": 2000
        }
      ],
      "passes": [],
      "failures": [],
      "pending": [],
      "skipped": [],
      "duration": 0,
      "root": true,
      "rootEmpty": true,
      "_timeout": 2000
    }
  ],
  "meta": {
    "mocha": {
      "version": "7.0.1"
    },
    "mochawesome": {
      "options": {
        "quiet": false,
        "reportFilename": "mochawesome",
        "saveHtml": true,
        "saveJson": true,
        "consoleReporter": "spec",
        "useInlineDiffs": false,
        "code": true
      },
      "version": "7.1.3"
    },
    "marge": {
      "options": null,
      "version": "6.2.0"
    }
  }
}